Base path: 'C:/Program Files/Unity/Hub/Editor/2022.3.17f1/Editor/Data', plugins path 'C:/Program Files/Unity/Hub/Editor/2022.3.17f1/Editor/Data/PlaybackEngines'
Cmd: initializeCompiler


Cmd: preprocessCompute
  insize=10343 file=Assets/ML-Agents/Plugins/Barracuda.Core/Barracuda/Resources/Generic.compute buildPlatform=19 validAPIs=295472 pKW=SHADER_API_DESKTOP dKW=UNITY_NO_DXT5nm UNITY_ENABLE_REFLECTION_BUFFERS UNITY_FRAMEBUFFER_FETCH_AVAILABLE UNITY_METAL_SHADOWS_USE_POINT_FILTERING UNITY_NO_SCREENSPACE_SHADOWS UNITY_USE_DITHER_MASK_FOR_ALPHABLENDED_SHADOWS UNITY_PBS_USE_BRDF1 UNITY_PBS_USE_BRDF2 UNITY_PBS_USE_BRDF3 UNITY_NO_FULL_STANDARD_SHADER UNITY_SPECCUBE_BOX_PROJECTION UNITY_SPECCUBE_BLENDING UNITY_ENABLE_DETAIL_NORMALMAP UNITY_HARDWARE_TIER1 UNITY_HARDWARE_TIER2 UNITY_HARDWARE_TIER3 UNITY_COLORSPACE_GAMMA UNITY_LIGHT_PROBE_PROXY_VOLUME UNITY_HALF_PRECISION_FRAGMENT_SHADER_REGISTERS UNITY_LIGHTMAP_DLDR_ENCODING UNITY_LIGHTMAP_RGBM_ENCODING UNITY_LIGHTMAP_FULL_HDR UNITY_VIRTUAL_TEXTURING UNITY_PRETRANSFORM_TO_DISPLAY_ORIENTATION UNITY_ASTC_NORMALMAP_ENCODING SHADER_API_GLES30 UNITY_UNIFIED_SHADER_PRECISION_MODEL  error: 1 plat 26 at (40): Cannot concatenate 'B' and '.'
  error: 1 plat 26 at (40): Cannot concatenate 'O' and '.'
  error: 1 plat 26 at (40): Cannot concatenate 'W' and '.'
  error: 1 plat 26 at (40): Cannot concatenate 'X' and '.'
  error: 1 plat 26 at (65): Cannot concatenate 'B' and '.'
  error: 1 plat 26 at (65): Cannot concatenate 'O' and '.'
  error: 1 plat 26 at (65): Cannot concatenate 'W' and '.'
  error: 1 plat 26 at (65): Cannot concatenate 'X' and '.'
  error: 1 plat 26 at (90): Cannot concatenate 'B' and '.'
  error: 1 plat 26 at (90): Cannot concatenate 'O' and '.'
  error: 1 plat 26 at (90): Cannot concatenate 'W' and '.'
  error: 1 plat 26 at (90): Cannot concatenate 'X' and '.'
  error: 1 plat 26 at (108): Cannot concatenate 'B' and '.'
  error: 1 plat 26 at (108): Cannot concatenate 'O' and '.'
  error: 1 plat 26 at (108): Cannot concatenate 'W' and '.'
  error: 1 plat 26 at (108): Cannot concatenate 'X' and '.'
  error: 1 plat 26 at (129): Cannot concatenate 'O' and '.'
  error: 1 plat 26 at (129): Cannot concatenate 'X' and '.'
  error: 1 plat 26 at (157): Cannot concatenate 'O' and '.'
  error: 1 plat 26 at (157): Cannot concatenate 'X' and '.'
  error: 1 plat 26 at (190): Cannot concatenate 'O' and '.'
  error: 1 plat 26 at (190): Cannot concatenate 'X' and '.'
  error: 1 plat 26 at (224): Cannot concatenate 'O' and '.'
  error: 1 plat 26 at (224): Cannot concatenate 'X' and '.'
  error: 1 plat 26 at (252): Cannot concatenate 'O' and '.'
  error: 1 plat 26 at (252): Cannot concatenate 'X' and '.'
  error: 1 plat 26 at (279): Cannot concatenate 'O' and '.'
  error: 1 plat 26 at (279): Cannot concatenate 'X' and '.'
  error: 1 plat 26 at (305): Cannot concatenate 'O' and '.'
  error: 1 plat 26 at (305): Cannot concatenate 'X' and '.'
  error: 1 plat 26 at (327): Cannot concatenate 'B' and '.'
  error: 1 plat 26 at (327): Cannot concatenate 'O' and '.'
  error: 1 plat 26 at (327): Cannot concatenate 'W' and '.'
  error: 1 plat 26 at (327): Cannot concatenate 'X' and '.'
  error: 1 plat 26 at (378): Cannot concatenate 'O' and '.'
  error: 1 plat 26 at (378): Cannot concatenate 'X' and '.'
 ok=1 outsize=10343

Cmd: preprocessCompute
  insize=4468 file=Assets/ML-Agents/Plugins/Barracuda.Core/Barracuda/Resources/Broadcast.compute buildPlatform=19 validAPIs=295472 pKW=SHADER_API_DESKTOP dKW=UNITY_NO_DXT5nm UNITY_ENABLE_REFLECTION_BUFFERS UNITY_FRAMEBUFFER_FETCH_AVAILABLE UNITY_METAL_SHADOWS_USE_POINT_FILTERING UNITY_NO_SCREENSPACE_SHADOWS UNITY_USE_DITHER_MASK_FOR_ALPHABLENDED_SHADOWS UNITY_PBS_USE_BRDF1 UNITY_PBS_USE_BRDF2 UNITY_PBS_USE_BRDF3 UNITY_NO_FULL_STANDARD_SHADER UNITY_SPECCUBE_BOX_PROJECTION UNITY_SPECCUBE_BLENDING UNITY_ENABLE_DETAIL_NORMALMAP UNITY_HARDWARE_TIER1 UNITY_HARDWARE_TIER2 UNITY_HARDWARE_TIER3 UNITY_COLORSPACE_GAMMA UNITY_LIGHT_PROBE_PROXY_VOLUME UNITY_HALF_PRECISION_FRAGMENT_SHADER_REGISTERS UNITY_LIGHTMAP_DLDR_ENCODING UNITY_LIGHTMAP_RGBM_ENCODING UNITY_LIGHTMAP_FULL_HDR UNITY_VIRTUAL_TEXTURING UNITY_PRETRANSFORM_TO_DISPLAY_ORIENTATION UNITY_ASTC_NORMALMAP_ENCODING SHADER_API_GLES30 UNITY_UNIFIED_SHADER_PRECISION_MODEL  error: 1 plat 26 at (18): Cannot concatenate 'B' and '.'
  error: 1 plat 26 at (18): Cannot concatenate 'O' and '.'
  error: 1 plat 26 at (18): Cannot concatenate 'X' and '.'
  error: 1 plat 26 at (36): Cannot concatenate 'B' and '.'
  error: 1 plat 26 at (36): Cannot concatenate 'O' and '.'
  error: 1 plat 26 at (36): Cannot concatenate 'X' and '.'
  error: 1 plat 26 at (54): Cannot concatenate 'B' and '.'
  error: 1 plat 26 at (54): Cannot concatenate 'O' and '.'
  error: 1 plat 26 at (54): Cannot concatenate 'X' and '.'
  error: 1 plat 26 at (72): Cannot concatenate 'B' and '.'
  error: 1 plat 26 at (72): Cannot concatenate 'O' and '.'
  error: 1 plat 26 at (72): Cannot concatenate 'X' and '.'
  error: 1 plat 26 at (100): Cannot concatenate 'B' and '.'
  error: 1 plat 26 at (100): Cannot concatenate 'O' and '.'
  error: 1 plat 26 at (100): Cannot concatenate 'X' and '.'
  error: 1 plat 26 at (118): Cannot concatenate 'B' and '.'
  error: 1 plat 26 at (118): Cannot concatenate 'O' and '.'
  error: 1 plat 26 at (118): Cannot concatenate 'X' and '.'
  error: 1 plat 26 at (136): Cannot concatenate 'B' and '.'
  error: 1 plat 26 at (136): Cannot concatenate 'O' and '.'
  error: 1 plat 26 at (136): Cannot concatenate 'X' and '.'
 ok=1 outsize=4468

Cmd: preprocessCompute
  insize=27333 file=Assets/ML-Agents/Plugins/Barracuda.Core/Barracuda/Resources/BarracudaReferenceImpl.compute buildPlatform=19 validAPIs=295472 pKW=SHADER_API_DESKTOP dKW=UNITY_NO_DXT5nm UNITY_ENABLE_REFLECTION_BUFFERS UNITY_FRAMEBUFFER_FETCH_AVAILABLE UNITY_METAL_SHADOWS_USE_POINT_FILTERING UNITY_NO_SCREENSPACE_SHADOWS UNITY_USE_DITHER_MASK_FOR_ALPHABLENDED_SHADOWS UNITY_PBS_USE_BRDF1 UNITY_PBS_USE_BRDF2 UNITY_PBS_USE_BRDF3 UNITY_NO_FULL_STANDARD_SHADER UNITY_SPECCUBE_BOX_PROJECTION UNITY_SPECCUBE_BLENDING UNITY_ENABLE_DETAIL_NORMALMAP UNITY_HARDWARE_TIER1 UNITY_HARDWARE_TIER2 UNITY_HARDWARE_TIER3 UNITY_COLORSPACE_GAMMA UNITY_LIGHT_PROBE_PROXY_VOLUME UNITY_HALF_PRECISION_FRAGMENT_SHADER_REGISTERS UNITY_LIGHTMAP_DLDR_ENCODING UNITY_LIGHTMAP_RGBM_ENCODING UNITY_LIGHTMAP_FULL_HDR UNITY_VIRTUAL_TEXTURING UNITY_PRETRANSFORM_TO_DISPLAY_ORIENTATION UNITY_ASTC_NORMALMAP_ENCODING SHADER_API_GLES30 UNITY_UNIFIED_SHADER_PRECISION_MODEL  error: 1 plat 26 at (60): Cannot concatenate 'B' and '.'
  error: 1 plat 26 at (60): Cannot concatenate 'O' and '.'
  error: 1 plat 26 at (60): Cannot concatenate 'W' and '.'
  error: 1 plat 26 at (60): Cannot concatenate 'X' and '.'
  error: 1 plat 26 at (79): Cannot concatenate 'O' and '.'
  error: 1 plat 26 at (79): Cannot concatenate 'X' and '.'
  error: 1 plat 26 at (102): Cannot concatenate 'O' and '.'
  error: 1 plat 26 at (102): Cannot concatenate 'X' and '.'
  error: 1 plat 26 at (124): Cannot concatenate 'O' and '.'
  error: 1 plat 26 at (124): Cannot concatenate 'X' and '.'
  error: 1 plat 26 at (141): Cannot concatenate 'O' and '.'
  error: 1 plat 26 at (141): Cannot concatenate 'X' and '.'
  error: 1 plat 26 at (158): Cannot concatenate 'O' and '.'
  error: 1 plat 26 at (158): Cannot concatenate 'X' and '.'
  error: 1 plat 26 at (175): Cannot concatenate 'O' and '.'
  error: 1 plat 26 at (175): Cannot concatenate 'X' and '.'
  error: 1 plat 26 at (193): Cannot concatenate 'O' and '.'
  error: 1 plat 26 at (193): Cannot concatenate 'X' and '.'
  error: 1 plat 26 at (210): Cannot concatenate 'O' and '.'
  error: 1 plat 26 at (210): Cannot concatenate 'X' and '.'
  error: 1 plat 26 at (227): Cannot concatenate 'O' and '.'
  error: 1 plat 26 at (227): Cannot concatenate 'X' and '.'
  error: 1 plat 26 at (254): Cannot concatenate 'O' and '.'
  error: 1 plat 26 at (254): Cannot concatenate 'X' and '.'
  error: 1 plat 26 at (271): Cannot concatenate 'B' and '.'
  error: 1 plat 26 at (271): Cannot concatenate 'O' and '.'
  error: 1 plat 26 at (271): Cannot concatenate 'X' and '.'
  error: 1 plat 26 at (289): Cannot concatenate 'B' and '.'
  error: 1 plat 26 at (289): Cannot concatenate 'O' and '.'
  error: 1 plat 26 at (289): Cannot concatenate 'X' and '.'
  error: 1 plat 26 at (307): Cannot concatenate 'B' and '.'
  error: 1 plat 26 at (307): Cannot concatenate 'O' and '.'
  error: 1 plat 26 at (307): Cannot concatenate 'X' and '.'
  error: 1 plat 26 at (325): Cannot concatenate 'B' and '.'
  error: 1 plat 26 at (325): Cannot concatenate 'O' and '.'
  error: 1 plat 26 at (325): Cannot concatenate 'X' and '.'
  error: 1 plat 26 at (343): Cannot concatenate 'B' and '.'
  error: 1 plat 26 at (343): Cannot concatenate 'O' and '.'
  error: 1 plat 26 at (343): Cannot concatenate 'X' and '.'
  error: 1 plat 26 at (361): Cannot concatenate 'B' and '.'
  error: 1 plat 26 at (361): Cannot concatenate 'O' and '.'
  error: 1 plat 26 at (361): Cannot concatenate 'X' and '.'
  error: 1 plat 26 at (379): Cannot concatenate 'B' and '.'
  error: 1 plat 26 at (379): Cannot concatenate 'O' and '.'
  error: 1 plat 26 at (379): Cannot concatenate 'X' and '.'
  error: 1 plat 26 at (397): Cannot concatenate 'B' and '.'
  error: 1 plat 26 at (397): Cannot concatenate 'O' and '.'
  error: 1 plat 26 at (397): Cannot concatenate 'X' and '.'
  error: 1 plat 26 at (418): Cannot concatenate 'B' and '.'
  error: 1 plat 26 at (418): Cannot concatenate 'O' and '.'
  error: 1 plat 26 at (418): Cannot concatenate 'X' and '.'
  error: 1 plat 26 at (439): Cannot concatenate 'B' and '.'
  error: 1 plat 26 at (439): Cannot concatenate 'O' and '.'
  error: 1 plat 26 at (439): Cannot concatenate 'X' and '.'
  error: 1 plat 26 at (457): Cannot concatenate 'B' and '.'
  error: 1 plat 26 at (457): Cannot concatenate 'O' and '.'
  error: 1 plat 26 at (457): Cannot concatenate 'X' and '.'
  error: 1 plat 26 at (477): Cannot concatenate 'B' and '.'
  error: 1 plat 26 at (477): Cannot concatenate 'O' and '.'
  error: 1 plat 26 at (477): Cannot concatenate 'X' and '.'
  error: 1 plat 26 at (496): Cannot concatenate 'O' and '.'
  error: 1 plat 26 at (496): Cannot concatenate 'X' and '.'
  error: 1 plat 26 at (512): Cannot concatenate 'O' and '.'
  error: 1 plat 26 at (512): Cannot concatenate 'X' and '.'
  error: 1 plat 26 at (532): Cannot concatenate 'B' and '.'
  error: 1 plat 26 at (532): Cannot concatenate 'O' and '.'
  error: 1 plat 26 at (532): Cannot concatenate 'W' and '.'
  error: 1 plat 26 at (532): Cannot concatenate 'X' and '.'
  error: 1 plat 26 at (557): Cannot concatenate 'O' and '.'
  error: 1 plat 26 at (557): Cannot concatenate 'X' and '.'
  error: 1 plat 26 at (590): Cannot concatenate 'O' and '.'
  error: 1 plat 26 at (590): Cannot concatenate 'X' and '.'
  error: 1 plat 26 at (618): Cannot concatenate 'O' and '.'
  error: 1 plat 26 at (618): Cannot concatenate 'X' and '.'
  error: 1 plat 26 at (647): Cannot concatenate 'O' and '.'
  error: 1 plat 26 at (647): Cannot concatenate 'X' and '.'
  error: 1 plat 26 at (682): Cannot concatenate 'O' and '.'
  error: 1 plat 26 at (682): Cannot concatenate 'X' and '.'
  error: 1 plat 26 at (706): Cannot concatenate 'O' and '.'
  error: 1 plat 26 at (706): Cannot concatenate 'X' and '.'
  error: 1 plat 26 at (728): Cannot concatenate 'B' and '.'
  error: 1 plat 26 at (728): Cannot concatenate 'O' and '.'
  error: 1 plat 26 at (728): Cannot concatenate 'W' and '.'
  error: 1 plat 26 at (728): Cannot concatenate 'X' and '.'
  error: 1 plat 26 at (778): Cannot concatenate 'B' and '.'
  error: 1 plat 26 at (778): Cannot concatenate 'K' and '.'
  error: 1 plat 26 at (778): Cannot concatenate 'O' and '.'
  error: 1 plat 26 at (778): Cannot concatenate 'X' and '.'
  error: 1 plat 26 at (812): Cannot concatenate 'B' and '.'
  error: 1 plat 26 at (812): Cannot concatenate 'K' and '.'
  error: 1 plat 26 at (812): Cannot concatenate 'O' and '.'
  error: 1 plat 26 at (812): Cannot concatenate 'X' and '.'
  error: 1 plat 26 at (841): Cannot concatenate 'O' and '.'
  error: 1 plat 26 at (841): Cannot concatenate 'X' and '.'
  error: 1 plat 26 at (874): Cannot concatenate 'B' and '.'
  error: 1 plat 26 at (874): Cannot concatenate 'K' and '.'
  error: 1 plat 26 at (874): Cannot concatenate 'O' and '.'
  error: 1 plat 26 at (874): Cannot concatenate 'X' and '.'
  error: 1 plat 26 at (931): Cannot concatenate 'O' and '.'
  error: 1 plat 26 at (975): Cannot concatenate 'X' and '.'
 ok=1 outsize=27330

Cmd: preprocessCompute
  insize=2950 file=Assets/ML-Agents/Plugins/Barracuda.Core/Barracuda/Resources/TexConv.compute buildPlatform=19 validAPIs=295472 pKW=SHADER_API_DESKTOP dKW=UNITY_NO_DXT5nm UNITY_ENABLE_REFLECTION_BUFFERS UNITY_FRAMEBUFFER_FETCH_AVAILABLE UNITY_METAL_SHADOWS_USE_POINT_FILTERING UNITY_NO_SCREENSPACE_SHADOWS UNITY_USE_DITHER_MASK_FOR_ALPHABLENDED_SHADOWS UNITY_PBS_USE_BRDF1 UNITY_PBS_USE_BRDF2 UNITY_PBS_USE_BRDF3 UNITY_NO_FULL_STANDARD_SHADER UNITY_SPECCUBE_BOX_PROJECTION UNITY_SPECCUBE_BLENDING UNITY_ENABLE_DETAIL_NORMALMAP UNITY_HARDWARE_TIER1 UNITY_HARDWARE_TIER2 UNITY_HARDWARE_TIER3 UNITY_COLORSPACE_GAMMA UNITY_LIGHT_PROBE_PROXY_VOLUME UNITY_HALF_PRECISION_FRAGMENT_SHADER_REGISTERS UNITY_LIGHTMAP_DLDR_ENCODING UNITY_LIGHTMAP_RGBM_ENCODING UNITY_LIGHTMAP_FULL_HDR UNITY_VIRTUAL_TEXTURING UNITY_PRETRANSFORM_TO_DISPLAY_ORIENTATION UNITY_ASTC_NORMALMAP_ENCODING SHADER_API_GLES30 UNITY_UNIFIED_SHADER_PRECISION_MODEL ok=1 outsize=2950

Cmd: preprocessCompute
  insize=5405 file=Assets/ML-Agents/Plugins/Barracuda.Core/Barracuda/Resources/FastNV.compute buildPlatform=19 validAPIs=295472 pKW=SHADER_API_DESKTOP dKW=UNITY_NO_DXT5nm UNITY_ENABLE_REFLECTION_BUFFERS UNITY_FRAMEBUFFER_FETCH_AVAILABLE UNITY_METAL_SHADOWS_USE_POINT_FILTERING UNITY_NO_SCREENSPACE_SHADOWS UNITY_USE_DITHER_MASK_FOR_ALPHABLENDED_SHADOWS UNITY_PBS_USE_BRDF1 UNITY_PBS_USE_BRDF2 UNITY_PBS_USE_BRDF3 UNITY_NO_FULL_STANDARD_SHADER UNITY_SPECCUBE_BOX_PROJECTION UNITY_SPECCUBE_BLENDING UNITY_ENABLE_DETAIL_NORMALMAP UNITY_HARDWARE_TIER1 UNITY_HARDWARE_TIER2 UNITY_HARDWARE_TIER3 UNITY_COLORSPACE_GAMMA UNITY_LIGHT_PROBE_PROXY_VOLUME UNITY_HALF_PRECISION_FRAGMENT_SHADER_REGISTERS UNITY_LIGHTMAP_DLDR_ENCODING UNITY_LIGHTMAP_RGBM_ENCODING UNITY_LIGHTMAP_FULL_HDR UNITY_VIRTUAL_TEXTURING UNITY_PRETRANSFORM_TO_DISPLAY_ORIENTATION UNITY_ASTC_NORMALMAP_ENCODING SHADER_API_GLES30 UNITY_UNIFIED_SHADER_PRECISION_MODEL  error: 1 plat 26 at (34): Cannot concatenate 'B' and '.'
  error: 1 plat 26 at (34): Cannot concatenate 'O' and '.'
  error: 1 plat 26 at (34): Cannot concatenate 'W' and '.'
  error: 1 plat 26 at (34): Cannot concatenate 'X' and '.'
  error: 1 plat 26 at (101): Cannot concatenate 'B' and '.'
  error: 1 plat 26 at (101): Cannot concatenate 'K' and '.'
  error: 1 plat 26 at (101): Cannot concatenate 'O' and '.'
  error: 1 plat 26 at (101): Cannot concatenate 'X' and '.'
 ok=0 outsize=5405

Cmd: preprocessCompute
  insize=13926 file=Assets/ML-Agents/Plugins/Barracuda.Core/Barracuda/Resources/ConvOld.compute buildPlatform=19 validAPIs=295472 pKW=SHADER_API_DESKTOP dKW=UNITY_NO_DXT5nm UNITY_ENABLE_REFLECTION_BUFFERS UNITY_FRAMEBUFFER_FETCH_AVAILABLE UNITY_METAL_SHADOWS_USE_POINT_FILTERING UNITY_NO_SCREENSPACE_SHADOWS UNITY_USE_DITHER_MASK_FOR_ALPHABLENDED_SHADOWS UNITY_PBS_USE_BRDF1 UNITY_PBS_USE_BRDF2 UNITY_PBS_USE_BRDF3 UNITY_NO_FULL_STANDARD_SHADER UNITY_SPECCUBE_BOX_PROJECTION UNITY_SPECCUBE_BLENDING UNITY_ENABLE_DETAIL_NORMALMAP UNITY_HARDWARE_TIER1 UNITY_HARDWARE_TIER2 UNITY_HARDWARE_TIER3 UNITY_COLORSPACE_GAMMA UNITY_LIGHT_PROBE_PROXY_VOLUME UNITY_HALF_PRECISION_FRAGMENT_SHADER_REGISTERS UNITY_LIGHTMAP_DLDR_ENCODING UNITY_LIGHTMAP_RGBM_ENCODING UNITY_LIGHTMAP_FULL_HDR UNITY_VIRTUAL_TEXTURING UNITY_PRETRANSFORM_TO_DISPLAY_ORIENTATION UNITY_ASTC_NORMALMAP_ENCODING SHADER_API_GLES30 UNITY_UNIFIED_SHADER_PRECISION_MODEL  error: 1 plat 26 at (21): Cannot concatenate 'B' and '.'
  error: 1 plat 26 at (21): Cannot concatenate 'K' and '.'
  error: 1 plat 26 at (21): Cannot concatenate 'O' and '.'
  error: 1 plat 26 at (21): Cannot concatenate 'X' and '.'
  error: 1 plat 26 at (61): Cannot concatenate 'B' and '.'
  error: 1 plat 26 at (61): Cannot concatenate 'K' and '.'
  error: 1 plat 26 at (61): Cannot concatenate 'O' and '.'
  error: 1 plat 26 at (61): Cannot concatenate 'X' and '.'
  error: 1 plat 26 at (190): Cannot concatenate 'B' and '.'
  error: 1 plat 26 at (190): Cannot concatenate 'K' and '.'
  error: 1 plat 26 at (190): Cannot concatenate 'O' and '.'
  error: 1 plat 26 at (190): Cannot concatenate 'X' and '.'
  error: 1 plat 26 at (322): Cannot concatenate 'B' and '.'
  error: 1 plat 26 at (322): Cannot concatenate 'K' and '.'
  error: 1 plat 26 at (322): Cannot concatenate 'O' and '.'
  error: 1 plat 26 at (322): Cannot concatenate 'X' and '.'
 ok=0 outsize=13926

Cmd: preprocessCompute
  insize=150569 file=Assets/ML-Agents/Plugins/Barracuda.Core/Barracuda/Resources/Experimental.compute buildPlatform=19 validAPIs=295472 pKW=SHADER_API_DESKTOP dKW=UNITY_NO_DXT5nm UNITY_ENABLE_REFLECTION_BUFFERS UNITY_FRAMEBUFFER_FETCH_AVAILABLE UNITY_METAL_SHADOWS_USE_POINT_FILTERING UNITY_NO_SCREENSPACE_SHADOWS UNITY_USE_DITHER_MASK_FOR_ALPHABLENDED_SHADOWS UNITY_PBS_USE_BRDF1 UNITY_PBS_USE_BRDF2 UNITY_PBS_USE_BRDF3 UNITY_NO_FULL_STANDARD_SHADER UNITY_SPECCUBE_BOX_PROJECTION UNITY_SPECCUBE_BLENDING UNITY_ENABLE_DETAIL_NORMALMAP UNITY_HARDWARE_TIER1 UNITY_HARDWARE_TIER2 UNITY_HARDWARE_TIER3 UNITY_COLORSPACE_GAMMA UNITY_LIGHT_PROBE_PROXY_VOLUME UNITY_HALF_PRECISION_FRAGMENT_SHADER_REGISTERS UNITY_LIGHTMAP_DLDR_ENCODING UNITY_LIGHTMAP_RGBM_ENCODING UNITY_LIGHTMAP_FULL_HDR UNITY_VIRTUAL_TEXTURING UNITY_PRETRANSFORM_TO_DISPLAY_ORIENTATION UNITY_ASTC_NORMALMAP_ENCODING SHADER_API_GLES30 UNITY_UNIFIED_SHADER_PRECISION_MODEL ok=0 outsize=150569

Cmd: preprocessCompute
  insize=8975 file=Assets/ML-Agents/Plugins/Barracuda.Core/Barracuda/Resources/Dense.compute buildPlatform=19 validAPIs=295472 pKW=SHADER_API_DESKTOP dKW=UNITY_NO_DXT5nm UNITY_ENABLE_REFLECTION_BUFFERS UNITY_FRAMEBUFFER_FETCH_AVAILABLE UNITY_METAL_SHADOWS_USE_POINT_FILTERING UNITY_NO_SCREENSPACE_SHADOWS UNITY_USE_DITHER_MASK_FOR_ALPHABLENDED_SHADOWS UNITY_PBS_USE_BRDF1 UNITY_PBS_USE_BRDF2 UNITY_PBS_USE_BRDF3 UNITY_NO_FULL_STANDARD_SHADER UNITY_SPECCUBE_BOX_PROJECTION UNITY_SPECCUBE_BLENDING UNITY_ENABLE_DETAIL_NORMALMAP UNITY_HARDWARE_TIER1 UNITY_HARDWARE_TIER2 UNITY_HARDWARE_TIER3 UNITY_COLORSPACE_GAMMA UNITY_LIGHT_PROBE_PROXY_VOLUME UNITY_HALF_PRECISION_FRAGMENT_SHADER_REGISTERS UNITY_LIGHTMAP_DLDR_ENCODING UNITY_LIGHTMAP_RGBM_ENCODING UNITY_LIGHTMAP_FULL_HDR UNITY_VIRTUAL_TEXTURING UNITY_PRETRANSFORM_TO_DISPLAY_ORIENTATION UNITY_ASTC_NORMALMAP_ENCODING SHADER_API_GLES30 UNITY_UNIFIED_SHADER_PRECISION_MODEL  error: 1 plat 26 at (21): Cannot concatenate 'B' and '.'
  error: 1 plat 26 at (21): Cannot concatenate 'O' and '.'
  error: 1 plat 26 at (21): Cannot concatenate 'W' and '.'
  error: 1 plat 26 at (21): Cannot concatenate 'X' and '.'
  error: 1 plat 26 at (78): Cannot concatenate 'B' and '.'
  error: 1 plat 26 at (78): Cannot concatenate 'O' and '.'
  error: 1 plat 26 at (78): Cannot concatenate 'W' and '.'
  error: 1 plat 26 at (78): Cannot concatenate 'X' and '.'
  error: 1 plat 26 at (130): Cannot concatenate 'B' and '.'
  error: 1 plat 26 at (130): Cannot concatenate 'O' and '.'
  error: 1 plat 26 at (130): Cannot concatenate 'W' and '.'
  error: 1 plat 26 at (130): Cannot concatenate 'X' and '.'
  error: 1 plat 26 at (216): Cannot concatenate 'B' and '.'
  error: 1 plat 26 at (216): Cannot concatenate 'O' and '.'
  error: 1 plat 26 at (216): Cannot concatenate 'W' and '.'
  error: 1 plat 26 at (216): Cannot concatenate 'X' and '.'
 ok=1 outsize=8975

Cmd: preprocessCompute
  insize=20258 file=Assets/ML-Agents/Plugins/Barracuda.Core/Barracuda/Resources/Activation.compute buildPlatform=19 validAPIs=295472 pKW=SHADER_API_DESKTOP dKW=UNITY_NO_DXT5nm UNITY_ENABLE_REFLECTION_BUFFERS UNITY_FRAMEBUFFER_FETCH_AVAILABLE UNITY_METAL_SHADOWS_USE_POINT_FILTERING UNITY_NO_SCREENSPACE_SHADOWS UNITY_USE_DITHER_MASK_FOR_ALPHABLENDED_SHADOWS UNITY_PBS_USE_BRDF1 UNITY_PBS_USE_BRDF2 UNITY_PBS_USE_BRDF3 UNITY_NO_FULL_STANDARD_SHADER UNITY_SPECCUBE_BOX_PROJECTION UNITY_SPECCUBE_BLENDING UNITY_ENABLE_DETAIL_NORMALMAP UNITY_HARDWARE_TIER1 UNITY_HARDWARE_TIER2 UNITY_HARDWARE_TIER3 UNITY_COLORSPACE_GAMMA UNITY_LIGHT_PROBE_PROXY_VOLUME UNITY_HALF_PRECISION_FRAGMENT_SHADER_REGISTERS UNITY_LIGHTMAP_DLDR_ENCODING UNITY_LIGHTMAP_RGBM_ENCODING UNITY_LIGHTMAP_FULL_HDR UNITY_VIRTUAL_TEXTURING UNITY_PRETRANSFORM_TO_DISPLAY_ORIENTATION UNITY_ASTC_NORMALMAP_ENCODING SHADER_API_GLES30 UNITY_UNIFIED_SHADER_PRECISION_MODEL  error: 1 plat 26 at (167): Cannot concatenate 'O' and '.'
  error: 1 plat 26 at (167): Cannot concatenate 'X' and '.'
  error: 1 plat 26 at (168): Cannot concatenate 'O' and '.'
  error: 1 plat 26 at (168): Cannot concatenate 'X' and '.'
  error: 1 plat 26 at (169): Cannot concatenate 'O' and '.'
  error: 1 plat 26 at (169): Cannot concatenate 'X' and '.'
  error: 1 plat 26 at (170): Cannot concatenate 'O' and '.'
  error: 1 plat 26 at (170): Cannot concatenate 'X' and '.'
  error: 1 plat 26 at (171): Cannot concatenate 'O' and '.'
  error: 1 plat 26 at (171): Cannot concatenate 'X' and '.'
  error: 1 plat 26 at (172): Cannot concatenate 'O' and '.'
  error: 1 plat 26 at (172): Cannot concatenate 'X' and '.'
  error: 1 plat 26 at (173): Cannot concatenate 'O' and '.'
  error: 1 plat 26 at (173): Cannot concatenate 'X' and '.'
  error: 1 plat 26 at (174): Cannot concatenate 'O' and '.'
  error: 1 plat 26 at (174): Cannot concatenate 'X' and '.'
  error: 1 plat 26 at (175): Cannot concatenate 'O' and '.'
  error: 1 plat 26 at (175): Cannot concatenate 'X' and '.'
  error: 1 plat 26 at (176): Cannot concatenate 'O' and '.'
  error: 1 plat 26 at (176): Cannot concatenate 'X' and '.'
  error: 1 plat 26 at (184): Cannot concatenate 'O' and '.'
  error: 1 plat 26 at (184): Cannot concatenate 'X' and '.'
  error: 1 plat 26 at (206): Cannot concatenate 'O' and '.'
  error: 1 plat 26 at (206): Cannot concatenate 'X' and '.'
  error: 1 plat 26 at (228): Cannot concatenate 'O' and '.'
  error: 1 plat 26 at (228): Cannot concatenate 'X' and '.'
  error: 1 plat 26 at (245): Cannot concatenate 'O' and '.'
  error: 1 plat 26 at (245): Cannot concatenate 'X' and '.'
  error: 1 plat 26 at (267): Cannot concatenate 'O' and '.'
  error: 1 plat 26 at (267): Cannot concatenate 'X' and '.'
  error: 1 plat 26 at (289): Cannot concatenate 'O' and '.'
  error: 1 plat 26 at (289): Cannot concatenate 'X' and '.'
  error: 1 plat 26 at (306): Cannot concatenate 'O' and '.'
  error: 1 plat 26 at (306): Cannot concatenate 'X' and '.'
  error: 1 plat 26 at (323): Cannot concatenate 'O' and '.'
  error: 1 plat 26 at (323): Cannot concatenate 'X' and '.'
  error: 1 plat 26 at (340): Cannot concatenate 'O' and '.'
  error: 1 plat 26 at (340): Cannot concatenate 'X' and '.'
  error: 1 plat 26 at (357): Cannot concatenate 'O' and '.'
  error: 1 plat 26 at (357): Cannot concatenate 'X' and '.'
  error: 1 plat 26 at (374): Cannot concatenate 'O' and '.'
  error: 1 plat 26 at (374): Cannot concatenate 'X' and '.'
  error: 1 plat 26 at (396): Cannot concatenate 'O' and '.'
  error: 1 plat 26 at (396): Cannot concatenate 'X' and '.'
  error: 1 plat 26 at (419): Cannot concatenate 'O' and '.'
  error: 1 plat 26 at (419): Cannot concatenate 'X' and '.'
  error: 1 plat 26 at (441): Cannot concatenate 'O' and '.'
  error: 1 plat 26 at (441): Cannot concatenate 'X' and '.'
  error: 1 plat 26 at (463): Cannot concatenate 'O' and '.'
  error: 1 plat 26 at (463): Cannot concatenate 'X' and '.'
  error: 1 plat 26 at (485): Cannot concatenate 'O' and '.'
  error: 1 plat 26 at (485): Cannot concatenate 'X' and '.'
  error: 1 plat 26 at (507): Cannot concatenate 'O' and '.'
  error: 1 plat 26 at (507): Cannot concatenate 'X' and '.'
  error: 1 plat 26 at (529): Cannot concatenate 'O' and '.'
  error: 1 plat 26 at (529): Cannot concatenate 'X' and '.'
  error: 1 plat 26 at (551): Cannot concatenate 'O' and '.'
  error: 1 plat 26 at (551): Cannot concatenate 'X' and '.'
  error: 1 plat 26 at (573): Cannot concatenate 'O' and '.'
  error: 1 plat 26 at (573): Cannot concatenate 'X' and '.'
  error: 1 plat 26 at (595): Cannot concatenate 'O' and '.'
  error: 1 plat 26 at (595): Cannot concatenate 'X' and '.'
  error: 1 plat 26 at (617): Cannot concatenate 'O' and '.'
  error: 1 plat 26 at (617): Cannot concatenate 'X' and '.'
  error: 1 plat 26 at (639): Cannot concatenate 'O' and '.'
  error: 1 plat 26 at (639): Cannot concatenate 'X' and '.'
  error: 1 plat 26 at (661): Cannot concatenate 'O' and '.'
  error: 1 plat 26 at (661): Cannot concatenate 'X' and '.'
  error: 1 plat 26 at (683): Cannot concatenate 'O' and '.'
  error: 1 plat 26 at (683): Cannot concatenate 'X' and '.'
  error: 1 plat 26 at (705): Cannot concatenate 'O' and '.'
  error: 1 plat 26 at (705): Cannot concatenate 'X' and '.'
  error: 1 plat 26 at (727): Cannot concatenate 'O' and '.'
  error: 1 plat 26 at (727): Cannot concatenate 'X' and '.'
  error: 1 plat 26 at (749): Cannot concatenate 'O' and '.'
  error: 1 plat 26 at (749): Cannot concatenate 'X' and '.'
  error: 1 plat 26 at (771): Cannot concatenate 'O' and '.'
  error: 1 plat 26 at (771): Cannot concatenate 'X' and '.'
  error: 1 plat 26 at (793): Cannot concatenate 'O' and '.'
  error: 1 plat 26 at (793): Cannot concatenate 'X' and '.'
  error: 1 plat 26 at (816): Cannot concatenate 'O' and '.'
  error: 1 plat 26 at (816): Cannot concatenate 'X' and '.'
 ok=1 outsize=20258

Cmd: preprocessCompute
  insize=13597 file=Assets/ML-Agents/Plugins/Barracuda.Core/Barracuda/Resources/Conv.compute buildPlatform=19 validAPIs=295472 pKW=SHADER_API_DESKTOP dKW=UNITY_NO_DXT5nm UNITY_ENABLE_REFLECTION_BUFFERS UNITY_FRAMEBUFFER_FETCH_AVAILABLE UNITY_METAL_SHADOWS_USE_POINT_FILTERING UNITY_NO_SCREENSPACE_SHADOWS UNITY_USE_DITHER_MASK_FOR_ALPHABLENDED_SHADOWS UNITY_PBS_USE_BRDF1 UNITY_PBS_USE_BRDF2 UNITY_PBS_USE_BRDF3 UNITY_NO_FULL_STANDARD_SHADER UNITY_SPECCUBE_BOX_PROJECTION UNITY_SPECCUBE_BLENDING UNITY_ENABLE_DETAIL_NORMALMAP UNITY_HARDWARE_TIER1 UNITY_HARDWARE_TIER2 UNITY_HARDWARE_TIER3 UNITY_COLORSPACE_GAMMA UNITY_LIGHT_PROBE_PROXY_VOLUME UNITY_HALF_PRECISION_FRAGMENT_SHADER_REGISTERS UNITY_LIGHTMAP_DLDR_ENCODING UNITY_LIGHTMAP_RGBM_ENCODING UNITY_LIGHTMAP_FULL_HDR UNITY_VIRTUAL_TEXTURING UNITY_PRETRANSFORM_TO_DISPLAY_ORIENTATION UNITY_ASTC_NORMALMAP_ENCODING SHADER_API_GLES30 UNITY_UNIFIED_SHADER_PRECISION_MODEL  error: 1 plat 26 at (25): Cannot concatenate 'B' and '.'
  error: 1 plat 26 at (25): Cannot concatenate 'K' and '.'
  error: 1 plat 26 at (25): Cannot concatenate 'O' and '.'
  error: 1 plat 26 at (25): Cannot concatenate 'X' and '.'
  error: 1 plat 26 at (66): Cannot concatenate 'B' and '.'
  error: 1 plat 26 at (66): Cannot concatenate 'K' and '.'
  error: 1 plat 26 at (66): Cannot concatenate 'O' and '.'
  error: 1 plat 26 at (66): Cannot concatenate 'X' and '.'
  error: 1 plat 26 at (176): Cannot concatenate 'B' and '.'
  error: 1 plat 26 at (176): Cannot concatenate 'K' and '.'
  error: 1 plat 26 at (176): Cannot concatenate 'O' and '.'
  error: 1 plat 26 at (176): Cannot concatenate 'X' and '.'
  error: 1 plat 26 at (177): Cannot concatenate 'B' and '.'
  error: 1 plat 26 at (177): Cannot concatenate 'K' and '.'
  error: 1 plat 26 at (177): Cannot concatenate 'O' and '.'
  error: 1 plat 26 at (177): Cannot concatenate 'X' and '.'
  error: 1 plat 26 at (185): Cannot concatenate 'B' and '.'
  error: 1 plat 26 at (185): Cannot concatenate 'K' and '.'
  error: 1 plat 26 at (185): Cannot concatenate 'O' and '.'
  error: 1 plat 26 at (185): Cannot concatenate 'X' and '.'
  error: 1 plat 26 at (254): Cannot concatenate 'B' and '.'
  error: 1 plat 26 at (254): Cannot concatenate 'K' and '.'
  error: 1 plat 26 at (254): Cannot concatenate 'O' and '.'
  error: 1 plat 26 at (254): Cannot concatenate 'X' and '.'
  error: 1 plat 26 at (313): Cannot concatenate 'B' and '.'
  error: 1 plat 26 at (313): Cannot concatenate 'K' and '.'
  error: 1 plat 26 at (313): Cannot concatenate 'O' and '.'
  error: 1 plat 26 at (313): Cannot concatenate 'X' and '.'
 ok=1 outsize=13597

Cmd: preprocessCompute
  insize=1808 file=Assets/ML-Agents/Plugins/Barracuda.Core/Barracuda/Resources/DenseFP16.compute buildPlatform=19 validAPIs=295472 pKW=SHADER_API_DESKTOP dKW=UNITY_NO_DXT5nm UNITY_ENABLE_REFLECTION_BUFFERS UNITY_FRAMEBUFFER_FETCH_AVAILABLE UNITY_METAL_SHADOWS_USE_POINT_FILTERING UNITY_NO_SCREENSPACE_SHADOWS UNITY_USE_DITHER_MASK_FOR_ALPHABLENDED_SHADOWS UNITY_PBS_USE_BRDF1 UNITY_PBS_USE_BRDF2 UNITY_PBS_USE_BRDF3 UNITY_NO_FULL_STANDARD_SHADER UNITY_SPECCUBE_BOX_PROJECTION UNITY_SPECCUBE_BLENDING UNITY_ENABLE_DETAIL_NORMALMAP UNITY_HARDWARE_TIER1 UNITY_HARDWARE_TIER2 UNITY_HARDWARE_TIER3 UNITY_COLORSPACE_GAMMA UNITY_LIGHT_PROBE_PROXY_VOLUME UNITY_HALF_PRECISION_FRAGMENT_SHADER_REGISTERS UNITY_LIGHTMAP_DLDR_ENCODING UNITY_LIGHTMAP_RGBM_ENCODING UNITY_LIGHTMAP_FULL_HDR UNITY_VIRTUAL_TEXTURING UNITY_PRETRANSFORM_TO_DISPLAY_ORIENTATION UNITY_ASTC_NORMALMAP_ENCODING SHADER_API_GLES30 UNITY_UNIFIED_SHADER_PRECISION_MODEL  error: 1 plat 26 at (54): Cannot concatenate 'B' and '.'
  error: 1 plat 26 at (54): Cannot concatenate 'O' and '.'
  error: 1 plat 26 at (54): Cannot concatenate 'W' and '.'
  error: 1 plat 26 at (54): Cannot concatenate 'X' and '.'
 ok=1 outsize=1808

Cmd: compileSnippet
  insize=1351 file=Assets/DefaultResourcesExtra/Standard pass=ShadowCaster ppOnly=0 stripLineD=0 buildPlatform=19 rsLen=0 pKW=UNITY_ENABLE_REFLECTION_BUFFERS UNITY_USE_DITHER_MASK_FOR_ALPHABLENDED_SHADOWS UNITY_PBS_USE_BRDF1 UNITY_SPECCUBE_BOX_PROJECTION UNITY_SPECCUBE_BLENDING UNITY_ENABLE_DETAIL_NORMALMAP SHADER_API_DESKTOP UNITY_COLORSPACE_GAMMA UNITY_LIGHT_PROBE_PROXY_VOLUME UNITY_LIGHTMAP_FULL_HDR UNITY_PASS_SHADOWCASTER uKW=SHADOWS_DEPTH dKW=INSTANCING_ON _ALPHATEST_ON _ALPHABLEND_ON _ALPHAPREMULTIPLY_ON _METALLICGLOSSMAP _PARALLAXMAP SHADOWS_CUBE UNITY_NO_DXT5nm UNITY_FRAMEBUFFER_FETCH_AVAILABLE UNITY_METAL_SHADOWS_USE_POINT_FILTERING UNITY_NO_SCREENSPACE_SHADOWS UNITY_PBS_USE_BRDF2 UNITY_PBS_USE_BRDF3 UNITY_NO_FULL_STANDARD_SHADER UNITY_HARDWARE_TIER1 UNITY_HARDWARE_TIER2 UNITY_HARDWARE_TIER3 UNITY_HALF_PRECISION_FRAGMENT_SHADER_REGISTERS UNITY_LIGHTMAP_DLDR_ENCODING UNITY_LIGHTMAP_RGBM_ENCODING UNITY_VIRTUAL_TEXTURING UNITY_PRETRANSFORM_TO_DISPLAY_ORIENTATION UNITY_ASTC_NORMALMAP_ENCODING SHADER_API_GLES30 UNITY_UNIFIED_SHADER_PRECISION_MODEL flags=0 lang=0 type=Vertex platform=d3d11 reqs=227 mask=6 start=139 ok=1 outsize=1446

Cmd: compileSnippet
  insize=1351 file=Assets/DefaultResourcesExtra/Standard pass=ShadowCaster ppOnly=0 stripLineD=0 buildPlatform=19 rsLen=0 pKW=UNITY_ENABLE_REFLECTION_BUFFERS UNITY_USE_DITHER_MASK_FOR_ALPHABLENDED_SHADOWS UNITY_PBS_USE_BRDF1 UNITY_SPECCUBE_BOX_PROJECTION UNITY_SPECCUBE_BLENDING UNITY_ENABLE_DETAIL_NORMALMAP SHADER_API_DESKTOP UNITY_COLORSPACE_GAMMA UNITY_LIGHT_PROBE_PROXY_VOLUME UNITY_LIGHTMAP_FULL_HDR UNITY_PASS_SHADOWCASTER uKW=SHADOWS_DEPTH dKW=INSTANCING_ON _SMOOTHNESS_TEXTURE_ALBEDO_CHANNEL_A _ALPHATEST_ON _ALPHABLEND_ON _ALPHAPREMULTIPLY_ON _METALLICGLOSSMAP _PARALLAXMAP SHADOWS_CUBE UNITY_NO_DXT5nm UNITY_FRAMEBUFFER_FETCH_AVAILABLE UNITY_METAL_SHADOWS_USE_POINT_FILTERING UNITY_NO_SCREENSPACE_SHADOWS UNITY_PBS_USE_BRDF2 UNITY_PBS_USE_BRDF3 UNITY_NO_FULL_STANDARD_SHADER UNITY_HARDWARE_TIER1 UNITY_HARDWARE_TIER2 UNITY_HARDWARE_TIER3 UNITY_HALF_PRECISION_FRAGMENT_SHADER_REGISTERS UNITY_LIGHTMAP_DLDR_ENCODING UNITY_LIGHTMAP_RGBM_ENCODING UNITY_VIRTUAL_TEXTURING UNITY_PRETRANSFORM_TO_DISPLAY_ORIENTATION UNITY_ASTC_NORMALMAP_ENCODING SHADER_API_GLES30 UNITY_UNIFIED_SHADER_PRECISION_MODEL flags=0 lang=0 type=Fragment platform=d3d11 reqs=227 mask=6 start=139 ok=1 outsize=250

